<!DOCTYPE html PUBLIC "-//W3C//DTD XHTML 1.1//EN" "https://www.w3.org/TR/xhtml11/DTD/xhtml11.dtd">
<html xmlns="https://www.w3.org/1999/xhtml">
<head>
<meta http-equiv="content-type" content="text/html; charset=UTF-8"/>
<title>TestNG Report</title>
<style type="text/css">table {margin-bottom:10px;border-collapse:collapse;empty-cells:show}th,td {border:1px solid #009;padding:.25em .5em}th {vertical-align:bottom}td {vertical-align:top}table a {font-weight:bold}.stripe td {background-color: #E6EBF9}.num {text-align:right}.passedodd td {background-color: #3F3}.passedeven td {background-color: #0A0}.skippedodd td {background-color: #DDD}.skippedeven td {background-color: #CCC}.failedodd td,.attn {background-color: #F33}.failedeven td,.stripe .attn {background-color: #D00}.stacktrace {white-space:pre;font-family:monospace}.totop {font-size:85%;text-align:center;border-bottom:2px solid #000}.invisible {display:none}</style>
</head>
<body>
<table>
<tr><th>Test</th><th># Passed</th><th># Skipped</th><th># Retried</th><th># Failed</th><th>Time (ms)</th><th>Included Groups</th><th>Excluded Groups</th></tr>
<tr><th colspan="8">HybridFramework</th></tr>
<tr><td><a href="#t0">HomePage Test</a></td><td class="num">8</td><td class="num attn">1</td><td class="num">0</td><td class="num">0</td><td class="num">206,265</td><td></td><td></td></tr>
</table>
<table id='summary'><thead><tr><th>Class</th><th>Method</th><th>Start</th><th>Time (ms)</th></tr></thead><tbody><tr><th colspan="4">HybridFramework</th></tr></tbody><tbody id="t0"><tr><th colspan="4">HomePage Test &#8212; failed (configuration methods)</th></tr><tr class="failedeven"><td rowspan="1">com.mindtree.TestCases.TC_LoginPage</td><td><a href="#m0">setup</a></td><td rowspan="1">1654322664202</td><td rowspan="1">22262</td></tr><tr><th colspan="4">HomePage Test &#8212; skipped (configuration methods)</th></tr><tr class="skippedeven"><td rowspan="1">com.mindtree.TestCases.TC_LoginPage</td><td><a href="#m1">tearDown</a></td><td rowspan="1">1654322686604</td><td rowspan="1">-1654322686604</td></tr><tr><th colspan="4">HomePage Test &#8212; skipped</th></tr><tr class="skippedeven"><td rowspan="1">com.mindtree.TestCases.TC_LoginPage</td><td><a href="#m2">loginpage</a></td><td rowspan="1">1654322686537</td><td rowspan="1">0</td></tr><tr><th colspan="4">HomePage Test &#8212; passed</th></tr><tr class="passedeven"><td rowspan="1">com.mindtree.TestCases.TC_AboutUs</td><td><a href="#m3">aboutUs</a></td><td rowspan="1">1654322836717</td><td rowspan="1">3111</td></tr><tr class="passedodd"><td rowspan="1">com.mindtree.TestCases.TC_FeesAndPayment</td><td><a href="#m4">aboutUs</a></td><td rowspan="1">1654322850833</td><td rowspan="1">2127</td></tr><tr class="passedeven"><td rowspan="1">com.mindtree.TestCases.TC_GiftCard</td><td><a href="#m5">giftCard</a></td><td rowspan="1">1654322766151</td><td rowspan="1">5736</td></tr><tr class="passedodd"><td rowspan="1">com.mindtree.TestCases.TC_GoStores</td><td><a href="#m6">stores</a></td><td rowspan="1">1654322784992</td><td rowspan="1">10860</td></tr><tr class="passedeven"><td rowspan="1">com.mindtree.TestCases.TC_SelectForCouples</td><td><a href="#m7">selectforcouples</a></td><td rowspan="1">1654322822263</td><td rowspan="1">3864</td></tr><tr class="passedodd"><td rowspan="1">com.mindtree.TestCases.TC_SelectMattresses</td><td><a href="#m8">selectmattresses</a></td><td rowspan="1">1654322721235</td><td rowspan="1">27065</td></tr><tr class="passedeven"><td rowspan="1">com.mindtree.TestCases.TC_TVUnits</td><td><a href="#m9">tvUnits</a></td><td rowspan="1">1654322808809</td><td rowspan="1">2721</td></tr><tr class="passedodd"><td rowspan="1">com.mindtree.TestCases.TC_ViewCustomerStories</td><td><a href="#m10">viewcusstories</a></td><td rowspan="1">1654322866819</td><td rowspan="1">2355</td></tr></tbody>
</table>
<h2>HomePage Test</h2><h3 id="m0">com.mindtree.TestCases.TC_LoginPage#setup</h3><table class="result"><tr class="param"><th>Parameter #1</th></tr><tr class="param stripe"><td>chrome</td></tr><tr><th>Exception</th></tr><tr><td><div class="stacktrace">org.openqa.selenium.WebDriverException: Timed out waiting for driver server to start.
Build info: version: &apos;3.141.59&apos;, revision: &apos;e82be7d358&apos;, time: &apos;2018-11-14T08:17:03&apos;
System info: host: &apos;LAPTOP-MB120P1M&apos;, ip: &apos;192.168.43.232&apos;, os.name: &apos;Windows 10&apos;, os.arch: &apos;amd64&apos;, os.version: &apos;10.0&apos;, java.version: &apos;11.0.15&apos;
Driver info: driver.version: ChromeDriver
	at org.openqa.selenium.remote.service.DriverService.waitUntilAvailable(DriverService.java:202)
	at org.openqa.selenium.remote.service.DriverService.start(DriverService.java:188)
	at org.openqa.selenium.remote.service.DriverCommandExecutor.execute(DriverCommandExecutor.java:79)
	at org.openqa.selenium.remote.RemoteWebDriver.execute(RemoteWebDriver.java:552)
	at org.openqa.selenium.remote.RemoteWebDriver.startSession(RemoteWebDriver.java:213)
	at org.openqa.selenium.remote.RemoteWebDriver.&lt;init&gt;(RemoteWebDriver.java:131)
	at org.openqa.selenium.chrome.ChromeDriver.&lt;init&gt;(ChromeDriver.java:181)
	at org.openqa.selenium.chrome.ChromeDriver.&lt;init&gt;(ChromeDriver.java:168)
	at org.openqa.selenium.chrome.ChromeDriver.&lt;init&gt;(ChromeDriver.java:123)
	at com.mindtree.TestCases.BaseClass.setup(BaseClass.java:39)
	at java.base/java.util.ArrayList.forEach(ArrayList.java:1541)
Caused by: org.openqa.selenium.net.UrlChecker$TimeoutException: Timed out waiting for [http://localhost:11984/status] to be available after 20026 ms
	at org.openqa.selenium.net.UrlChecker.waitUntilAvailable(UrlChecker.java:100)
	at org.openqa.selenium.remote.service.DriverService.waitUntilAvailable(DriverService.java:197)
	... 35 more
Caused by: java.util.concurrent.TimeoutException
	at java.base/java.util.concurrent.FutureTask.get(FutureTask.java:204)
	at com.google.common.util.concurrent.SimpleTimeLimiter.callWithTimeout(SimpleTimeLimiter.java:156)
	at org.openqa.selenium.net.UrlChecker.waitUntilAvailable(UrlChecker.java:75)
	... 36 more
... Removed 25 stack frames</div></td></tr></table><p class="totop"><a href="#summary">back to summary</a></p>
<h3 id="m1">com.mindtree.TestCases.TC_LoginPage#tearDown</h3><table class="result"><tr><th class="invisible"/></tr></table><p class="totop"><a href="#summary">back to summary</a></p>
<h3 id="m2">com.mindtree.TestCases.TC_LoginPage#loginpage</h3><table class="result"><tr><th>Exception</th></tr><tr><td><div class="stacktrace">org.openqa.selenium.WebDriverException: Timed out waiting for driver server to start.
Build info: version: &apos;3.141.59&apos;, revision: &apos;e82be7d358&apos;, time: &apos;2018-11-14T08:17:03&apos;
System info: host: &apos;LAPTOP-MB120P1M&apos;, ip: &apos;192.168.43.232&apos;, os.name: &apos;Windows 10&apos;, os.arch: &apos;amd64&apos;, os.version: &apos;10.0&apos;, java.version: &apos;11.0.15&apos;
Driver info: driver.version: ChromeDriver
	at org.openqa.selenium.remote.service.DriverService.waitUntilAvailable(DriverService.java:202)
	at org.openqa.selenium.remote.service.DriverService.start(DriverService.java:188)
	at org.openqa.selenium.remote.service.DriverCommandExecutor.execute(DriverCommandExecutor.java:79)
	at org.openqa.selenium.remote.RemoteWebDriver.execute(RemoteWebDriver.java:552)
	at org.openqa.selenium.remote.RemoteWebDriver.startSession(RemoteWebDriver.java:213)
	at org.openqa.selenium.remote.RemoteWebDriver.&lt;init&gt;(RemoteWebDriver.java:131)
	at org.openqa.selenium.chrome.ChromeDriver.&lt;init&gt;(ChromeDriver.java:181)
	at org.openqa.selenium.chrome.ChromeDriver.&lt;init&gt;(ChromeDriver.java:168)
	at org.openqa.selenium.chrome.ChromeDriver.&lt;init&gt;(ChromeDriver.java:123)
	at com.mindtree.TestCases.BaseClass.setup(BaseClass.java:39)
	at java.base/java.util.ArrayList.forEach(ArrayList.java:1541)
Caused by: org.openqa.selenium.net.UrlChecker$TimeoutException: Timed out waiting for [http://localhost:11984/status] to be available after 20026 ms
	at org.openqa.selenium.net.UrlChecker.waitUntilAvailable(UrlChecker.java:100)
	at org.openqa.selenium.remote.service.DriverService.waitUntilAvailable(DriverService.java:197)
	... 35 more
Caused by: java.util.concurrent.TimeoutException
	at java.base/java.util.concurrent.FutureTask.get(FutureTask.java:204)
	at com.google.common.util.concurrent.SimpleTimeLimiter.callWithTimeout(SimpleTimeLimiter.java:156)
	at org.openqa.selenium.net.UrlChecker.waitUntilAvailable(UrlChecker.java:75)
	... 36 more
... Removed 25 stack frames</div></td></tr></table><p class="totop"><a href="#summary">back to summary</a></p>
<h3 id="m3">com.mindtree.TestCases.TC_AboutUs#aboutUs</h3><table class="result"><tr><th class="invisible"/></tr></table><p class="totop"><a href="#summary">back to summary</a></p>
<h3 id="m4">com.mindtree.TestCases.TC_FeesAndPayment#aboutUs</h3><table class="result"><tr><th class="invisible"/></tr></table><p class="totop"><a href="#summary">back to summary</a></p>
<h3 id="m5">com.mindtree.TestCases.TC_GiftCard#giftCard</h3><table class="result"><tr><th class="invisible"/></tr></table><p class="totop"><a href="#summary">back to summary</a></p>
<h3 id="m6">com.mindtree.TestCases.TC_GoStores#stores</h3><table class="result"><tr><th class="invisible"/></tr></table><p class="totop"><a href="#summary">back to summary</a></p>
<h3 id="m7">com.mindtree.TestCases.TC_SelectForCouples#selectforcouples</h3><table class="result"><tr><th class="invisible"/></tr></table><p class="totop"><a href="#summary">back to summary</a></p>
<h3 id="m8">com.mindtree.TestCases.TC_SelectMattresses#selectmattresses</h3><table class="result"><tr><th class="invisible"/></tr></table><p class="totop"><a href="#summary">back to summary</a></p>
<h3 id="m9">com.mindtree.TestCases.TC_TVUnits#tvUnits</h3><table class="result"><tr><th class="invisible"/></tr></table><p class="totop"><a href="#summary">back to summary</a></p>
<h3 id="m10">com.mindtree.TestCases.TC_ViewCustomerStories#viewcusstories</h3><table class="result"><tr><th class="invisible"/></tr></table><p class="totop"><a href="#summary">back to summary</a></p>
</body>
</html>
